# JRE version: 7.0_25-b30
# Java VM: OpenJDK 64-Bit Server VM (23.7-b01 mixed mode linux-amd64 compressed oops)
Heap
 PSYoungGen      total 34240K, used 18185K [0x00000000eb600000, 0x00000000eda00000, 0x0000000100000000)
  eden space 31616K, 49% used [0x00000000eb600000,0x00000000ec53a0d0,0x00000000ed4e0000)
  from space 2624K, 98% used [0x00000000ed770000,0x00000000ed9f85c0,0x00000000eda00000)
  to   space 2624K, 0% used [0x00000000ed4e0000,0x00000000ed4e0000,0x00000000ed770000)
 ParOldGen       total 42240K, used 4076K [0x00000000c2200000, 0x00000000c4b40000, 0x00000000eb600000)
  object space 42240K, 9% used [0x00000000c2200000,0x00000000c25fb368,0x00000000c4b40000)
 PSPermGen       total 21248K, used 10554K [0x00000000b7c00000, 0x00000000b90c0000, 0x00000000c2200000)
  object space 21248K, 49% used [0x00000000b7c00000,0x00000000b864e8e0,0x00000000b90c0000)
GC Heap History (8 events):
Event: 2.095 GC heap before
{Heap before GC invocations=1 (full 0):
 PSYoungGen      total 18432K, used 15808K [0x00000000eb600000, 0x00000000eca90000, 0x0000000100000000)
  eden space 15808K, 100% used [0x00000000eb600000,0x00000000ec570000,0x00000000ec570000)
  from space 2624K, 0% used [0x00000000ec800000,0x00000000ec800000,0x00000000eca90000)
  to   space 2624K, 0% used [0x00000000ec570000,0x00000000ec570000,0x00000000ec800000)
 ParOldGen       total 42240K, used 0K [0x00000000c2200000, 0x00000000c4b40000, 0x00000000eb600000)
  object space 42240K, 0% used [0x00000000c2200000,0x00000000c2200000,0x00000000c4b40000)
 PSPermGen       total 21248K, used 9263K [0x00000000b7c00000, 0x00000000b90c0000, 0x00000000c2200000)
  object space 21248K, 43% used [0x00000000b7c00000,0x00000000b850bf68,0x00000000b90c0000)
Event: 2.102 GC heap after
Heap after GC invocations=1 (full 0):
 PSYoungGen      total 18432K, used 2623K [0x00000000eb600000, 0x00000000eca90000, 0x0000000100000000)
  eden space 15808K, 0% used [0x00000000eb600000,0x00000000eb600000,0x00000000ec570000)
  from space 2624K, 99% used [0x00000000ec570000,0x00000000ec7ffea0,0x00000000ec800000)
  to   space 2624K, 0% used [0x00000000ec800000,0x00000000ec800000,0x00000000eca90000)
 ParOldGen       total 42240K, used 975K [0x00000000c2200000, 0x00000000c4b40000, 0x00000000eb600000)
  object space 42240K, 2% used [0x00000000c2200000,0x00000000c22f3c80,0x00000000c4b40000)
 PSPermGen       total 21248K, used 9263K [0x00000000b7c00000, 0x00000000b90c0000, 0x00000000c2200000)
  object space 21248K, 43% used [0x00000000b7c00000,0x00000000b850bf68,0x00000000b90c0000)
}
Event: 2.488 GC heap before
{Heap before GC invocations=2 (full 0):
 PSYoungGen      total 18432K, used 18281K [0x00000000eb600000, 0x00000000eca90000, 0x0000000100000000)
  eden space 15808K, 99% used [0x00000000eb600000,0x00000000ec54a8c8,0x00000000ec570000)
  from space 2624K, 99% used [0x00000000ec570000,0x00000000ec7ffea0,0x00000000ec800000)
  to   space 2624K, 0% used [0x00000000ec800000,0x00000000ec800000,0x00000000eca90000)
 ParOldGen       total 42240K, used 975K [0x00000000c2200000, 0x00000000c4b40000, 0x00000000eb600000)
  object space 42240K, 2% used [0x00000000c2200000,0x00000000c22f3c80,0x00000000c4b40000)
 PSPermGen       total 21248K, used 9550K [0x00000000b7c00000, 0x00000000b90c0000, 0x00000000c2200000)
  object space 21248K, 44% used [0x00000000b7c00000,0x00000000b8553960,0x00000000b90c0000)
Event: 2.494 GC heap after
Heap after GC invocations=2 (full 0):
 PSYoungGen      total 18432K, used 2601K [0x00000000eb600000, 0x00000000eca90000, 0x0000000100000000)
  eden space 15808K, 0% used [0x00000000eb600000,0x00000000eb600000,0x00000000ec570000)
  from space 2624K, 99% used [0x00000000ec800000,0x00000000eca8a690,0x00000000eca90000)
  to   space 2624K, 0% used [0x00000000ec570000,0x00000000ec570000,0x00000000ec800000)
 ParOldGen       total 42240K, used 1682K [0x00000000c2200000, 0x00000000c4b40000, 0x00000000eb600000)
  object space 42240K, 3% used [0x00000000c2200000,0x00000000c23a48b8,0x00000000c4b40000)
 PSPermGen       total 21248K, used 9550K [0x00000000b7c00000, 0x00000000b90c0000, 0x00000000c2200000)
  object space 21248K, 44% used [0x00000000b7c00000,0x00000000b8553960,0x00000000b90c0000)
}
Event: 2.700 GC heap before
{Heap before GC invocations=3 (full 0):
 PSYoungGen      total 18432K, used 18246K [0x00000000eb600000, 0x00000000eca90000, 0x0000000100000000)
  eden space 15808K, 98% used [0x00000000eb600000,0x00000000ec547478,0x00000000ec570000)
  from space 2624K, 99% used [0x00000000ec800000,0x00000000eca8a690,0x00000000eca90000)
  to   space 2624K, 0% used [0x00000000ec570000,0x00000000ec570000,0x00000000ec800000)
 ParOldGen       total 42240K, used 1682K [0x00000000c2200000, 0x00000000c4b40000, 0x00000000eb600000)
  object space 42240K, 3% used [0x00000000c2200000,0x00000000c23a48b8,0x00000000c4b40000)
 PSPermGen       total 21248K, used 9569K [0x00000000b7c00000, 0x00000000b90c0000, 0x00000000c2200000)
  object space 21248K, 45% used [0x00000000b7c00000,0x00000000b85586f0,0x00000000b90c0000)
Event: 2.706 GC heap after
Heap after GC invocations=3 (full 0):
 PSYoungGen      total 18432K, used 1864K [0x00000000eb600000, 0x00000000eda00000, 0x0000000100000000)
  eden space 15808K, 0% used [0x00000000eb600000,0x00000000eb600000,0x00000000ec570000)
  from space 2624K, 71% used [0x00000000ec570000,0x00000000ec742250,0x00000000ec800000)
  to   space 2624K, 0% used [0x00000000ed770000,0x00000000ed770000,0x00000000eda00000)
 ParOldGen       total 42240K, used 1682K [0x00000000c2200000, 0x00000000c4b40000, 0x00000000eb600000)
  object space 42240K, 3% used [0x00000000c2200000,0x00000000c23a48b8,0x00000000c4b40000)
 PSPermGen       total 21248K, used 9569K [0x00000000b7c00000, 0x00000000b90c0000, 0x00000000c2200000)
  object space 21248K, 45% used [0x00000000b7c00000,0x00000000b85586f0,0x00000000b90c0000)
}
Event: 4.808 GC heap before
{Heap before GC invocations=4 (full 0):
 PSYoungGen      total 18432K, used 17672K [0x00000000eb600000, 0x00000000eda00000, 0x0000000100000000)
  eden space 15808K, 100% used [0x00000000eb600000,0x00000000ec570000,0x00000000ec570000)
  from space 2624K, 71% used [0x00000000ec570000,0x00000000ec742250,0x00000000ec800000)
  to   space 2624K, 0% used [0x00000000ed770000,0x00000000ed770000,0x00000000eda00000)
 ParOldGen       total 42240K, used 1682K [0x00000000c2200000, 0x00000000c4b40000, 0x00000000eb600000)
  object space 42240K, 3% used [0x00000000c2200000,0x00000000c23a48b8,0x00000000c4b40000)
 PSPermGen       total 21248K, used 10173K [0x00000000b7c00000, 0x00000000b90c0000, 0x00000000c2200000)
  object space 21248K, 47% used [0x00000000b7c00000,0x00000000b85ef460,0x00000000b90c0000)
Event: 4.821 GC heap after
Heap after GC invocations=4 (full 0):
 PSYoungGen      total 34240K, used 2593K [0x00000000eb600000, 0x00000000eda00000, 0x0000000100000000)
  eden space 31616K, 0% used [0x00000000eb600000,0x00000000eb600000,0x00000000ed4e0000)
  from space 2624K, 98% used [0x00000000ed770000,0x00000000ed9f85c0,0x00000000eda00000)
  to   space 2624K, 0% used [0x00000000ed4e0000,0x00000000ed4e0000,0x00000000ed770000)
 ParOldGen       total 42240K, used 4076K [0x00000000c2200000, 0x00000000c4b40000, 0x00000000eb600000)
  object space 42240K, 9% used [0x00000000c2200000,0x00000000c25fb368,0x00000000c4b40000)
 PSPermGen       total 21248K, used 10173K [0x00000000b7c00000, 0x00000000b90c0000, 0x00000000c2200000)
  object space 21248K, 47% used [0x00000000b7c00000,0x00000000b85ef460,0x00000000b90c0000)
}

